13:41:18:169 electron-log is on
13:51:12:849 electron-log is on
13:51:13:103 app.on - createWindow()
13:51:56:672 electron-log is on
13:51:56:865 app.on - createWindow()
13:51:56:924 tray setting completed
13:52:52:161 electron-log is on
13:52:52:359 app.on - createWindow()
13:52:52:382 tray setting completed
13:52:52:389 globalshortcut setting completed
13:53:29:364 electron-log is on
13:53:29:604 app.on - createWindow()
13:53:29:654 tray setting completed
13:53:29:656 globalshortcut setting completed: true
13:53:56:268 Cmd+Shift+Alt+P is registered
13:54:03:027 Cmd+Shift+Alt+P is registered
13:58:17:282 electron-log is on
13:58:17:476 app.on - createWindow()
13:58:17:520 tray setting completed
13:58:17:523 globalshortcut setting completed: true
14:03:12:732 electron-log is on
14:03:12:936 app.on - createWindow()
14:03:12:967 tray setting completed
14:03:12:968 globalshortcut setting completed: true
14:04:06:138 electron-log is on
14:04:06:352 app.on - createWindow()
14:04:06:377 tray setting completed
14:04:06:383 globalshortcut setting completed: true
14:06:13:803 electron-log is on
14:06:14:022 app.on - createWindow()
14:06:14:050 tray setting completed
14:06:14:052 globalshortcut setting completed: true
14:07:49:422 electron-log is on
14:07:49:662 app.on - createWindow()
14:07:49:703 tray setting completed
14:07:49:707 globalshortcut setting completed: true
